09:16:51.578 INFO  你發過來的數據是：aaaa 
09:16:51.648 INFO  你發過來的數據是：aaaa 
09:16:51.856 INFO  你發過來的數據是：aaaa 
10:00:35.355 INFO  你發過來的數據是：aaaa 
10:00:36.095 INFO  你發過來的數據是：aaaa 
10:00:41.694 INFO  connect success !! 
10:00:44.464 INFO  你發過來的數據是：aaaa 
10:00:44.913 INFO  你發過來的數據是：aaaa 
10:00:45.079 INFO  你發過來的數據是：aaaa 
10:01:44.350 INFO  Server Started 
10:01:56.357 INFO  connect success !! 
10:01:59.810 INFO  你發過來的數據是：aaaa 
10:02:00.536 INFO  你發過來的數據是：aaaa 
10:07:20.900 INFO  connect success !! 
10:07:47.470 INFO  connect success !! 
10:07:52.087 INFO  你發過來的數據是：aaaa 
10:08:08.255 INFO  connect success !! 
10:08:17.471 INFO  你發過來的數據是：aaaa 
10:08:17.646 INFO  你發過來的數據是：aaaa 
10:09:52.988 INFO  connect success !! 
10:09:57.350 INFO  你發過來的數據是：aaaa 
10:13:44.451 INFO  你發過來的數據是：aaaa 
10:16:45.666 INFO  你發過來的數據是：aaaa 
10:16:46.924 INFO  你發過來的數據是：aaaa 
10:16:51.477 INFO  connect success !! 
10:16:54.166 INFO  你發過來的數據是：aaaa 
10:16:56.932 INFO  你發過來的數據是：aaaa 
10:16:58.596 INFO  你發過來的數據是：aaaa 
01:38:08.944 INFO  connect success !! 
03:40:25.150 INFO  connect success !! 
03:52:33.148 INFO  你發過來的數據是：aaaa 
03:59:50.523 INFO  你發過來的數據是：[object Object] 
04:07:52.926 INFO  Server Started 
04:07:53.340 INFO  connect success !! 
04:07:57.183 INFO  connect success !! 
04:07:58.809 INFO  你發過來的數據是：Lily Yeh|room 
04:08:53.549 INFO  connect success !! 
04:09:31.724 INFO  你發過來的數據是：Lily Yeh|room 
04:16:50.169 INFO  你發過來的數據是：Lily Yeh|room 
04:17:09.546 INFO  connect success !! 
04:17:13.076 INFO  你發過來的數據是：Lily Yeh|room 
04:25:56.795 INFO  connect success !! 
04:25:58.930 INFO  你發過來的數據是：Lily Yeh|room 
04:36:57.713 INFO  connect success !! 
04:37:17.190 INFO  connect success !! 
04:37:33.130 INFO  connect success !! 
04:37:43.139 INFO  connect success !! 
04:37:53.886 INFO  connect success !! 
04:38:00.549 INFO  connect success !! 
04:39:23.632 INFO  connect success !! 
04:39:23.706 INFO  connect success !! 
04:39:46.011 INFO  connect success !! 
04:39:46.763 INFO  你發過來的數據是：Lily Yeh|room 
04:40:06.498 INFO  connect success !! 
04:40:20.798 INFO  你發過來的數據是：Lily Yeh|room 
04:41:34.415 INFO  connect success !! 
04:41:49.321 INFO  connect success !! 
04:41:53.311 INFO  你發過來的數據是：Lily Yeh|room 
06:30:23.685 INFO  connect success !! 
06:37:13.174 INFO  你發過來的數據是：Lily Yeh|room 
06:37:14.753 INFO  你發過來的數據是：Lily Yeh|room 
06:37:18.273 INFO  你發過來的數據是：Lily Yeh|room 
06:37:41.491 INFO  connect success !! 
06:37:43.249 INFO  你發過來的數據是：Lily Yeh|room 
06:37:45.329 INFO  你發過來的數據是：Lily Yeh|room 
06:37:45.573 INFO  你發過來的數據是：Lily Yeh|room 
06:37:45.807 INFO  你發過來的數據是：Lily Yeh|room 
06:37:46.176 INFO  你發過來的數據是：Lily Yeh|room 
06:37:46.505 INFO  你發過來的數據是：Lily Yeh|room 
06:38:44.945 INFO  connect success !! 
06:39:58.909 INFO  Server Started 
06:52:59.449 INFO  Server Started 
07:20:13.936 INFO  Server Started 
09:55:40.347 INFO  Server Started 
10:01:59.982 INFO  Server Started 
10:07:08.427 INFO  Server Started 
03:26:46.141 INFO  Server Started 
03:32:13.875 INFO  Server Started 
04:31:17.139 INFO  Server Started 
04:32:24.243 INFO  Server Started 
04:47:03.086 INFO  Server Started 
10:12:28.593 INFO  Server Started 
08:06:37.311 INFO  Server Started 
08:08:45.259 INFO  Server Started 
08:11:41.836 INFO  Server Started 
08:13:18.051 INFO  Server Started 
08:54:09.388 INFO  Server Started 
03:50:54.882 INFO  Server Started 
09:04:02.255 INFO  Server Started 
09:11:31.792 INFO  Server Started 
09:14:21.936 INFO  Server Started 
09:16:08.643 INFO  Server Started 
09:18:32.733 INFO  Server Started 
09:22:28.193 INFO  Server Started 
09:25:09.296 INFO  Server Started 
09:32:17.718 INFO  Server Started 
09:32:31.453 INFO  Server Started 
09:33:28.874 INFO  Server Started 
10:25:25.606 INFO  Server Started 
03:43:32.384 INFO  Server Started 
03:44:40.720 INFO  Server Started 
07:27:35.779 INFO  Server Started 
02:44:43.143 INFO  Server Started 
03:36:47.186 INFO  Server Started 
04:35:27.192 INFO  Server Started 
06:18:59.446 INFO  Server Started 
06:20:43.519 INFO  Server Started 
06:31:00.041 INFO  Server Started 
06:34:29.450 INFO  Server Started 
06:41:45.269 INFO  Server Started 
06:42:02.088 INFO  Server Started 
06:42:50.457 INFO  Server Started 
08:56:04.615 INFO  Server Started 
09:42:35.986 INFO  Server Started 
09:46:54.552 INFO  Server Started 
01:43:55.398 INFO  Server Started 
07:09:41.749 INFO  Server Started 
07:48:39.792 INFO  Server Started 
07:49:19.084 INFO  Server Started 
08:18:15.958 INFO  Server Started 
02:31:02.984 INFO  Server Started 
02:31:46.495 INFO  Server Started 
04:46:31.757 INFO  Server Started 
07:14:59.053 INFO  Server Started 
07:25:03.760 INFO  Server Started 
02:27:22.294 INFO  Server Started 
08:09:59.025 INFO  Server Started 
10:08:06.445 INFO  Server Started 
10:22:38.636 INFO  Server Started 
01:19:58.616 INFO  Server Started 
01:20:08.408 INFO  Server Started 
07:08:11.083 INFO  Server Started 
07:36:34.576 INFO  Server Started 
07:50:48.896 INFO  Server Started 
07:51:01.154 INFO  Server Started 
01:17:51.744 INFO  Server Started 
01:18:08.339 INFO  Server Started 
02:46:16.621 INFO  Server Started 
03:13:12.585 INFO  Server Started 
07:10:02.247 INFO  Server Started 
07:10:04.147 INFO  Server Started 
07:42:43.982 INFO  Server Started 
02:46:39.846 INFO  Server Started 
06:44:37.231 INFO  Server Started 
06:44:53.313 INFO  Server Started 
07:10:01.437 INFO  Server Started 
01:21:07.955 INFO  Server Started 
01:21:12.883 INFO  Server Started 
08:31:07.542 INFO  Server Started 
01:22:31.559 INFO  Server Started 
01:22:40.844 INFO  Server Started 
03:19:54.847 INFO  Server Started 
03:53:45.136 INFO  Server Started 
06:55:56.421 INFO  Server Started 
07:12:28.436 INFO  Server Started 
07:12:31.801 INFO  Server Started 
07:12:34.679 INFO  Server Started 
07:12:38.772 INFO  Server Started 
01:20:45.626 INFO  Server Started 
01:20:57.462 INFO  Server Started 
04:10:36.901 INFO  Server Started 
04:10:40.311 INFO  Server Started 
01:11:24.056 INFO  Server Started 
01:11:26.861 INFO  Server Started 
08:09:01.589 INFO  Server Started 
08:11:32.293 INFO  Server Started 
08:16:58.284 INFO  Server Started 
08:19:02.648 INFO  Server Started 
08:24:57.438 INFO  Server Started 
08:25:37.674 INFO  Server Started 
08:30:18.034 INFO  Server Started 
09:09:16.542 INFO  Server Started 
09:28:10.162 INFO  Server Started 
09:28:18.163 INFO  Server Started 
09:28:20.756 INFO  Server Started 
09:28:23.035 INFO  Server Started 
09:28:30.697 INFO  Server Started 
09:28:34.791 INFO  Server Started 
09:28:40.237 INFO  Server Started 
09:28:52.095 INFO  Server Started 
09:31:14.864 INFO  Server Started 
09:39:25.700 INFO  Server Started 
09:39:42.186 INFO  Server Started 
13:10:50.630 INFO  Server Started 
13:11:09.641 INFO  Server Started 
01:17:31.209 INFO  Server Started 
01:23:01.566 INFO  Server Started 
01:23:10.283 INFO  Server Started 
01:29:18.211 INFO  Server Started 
06:19:50.517 INFO  Server Started 
06:43:06.134 INFO  Server Started 
06:45:04.638 INFO  Server Started 
06:45:08.295 INFO  Server Started 
06:45:12.361 INFO  Server Started 
06:53:55.669 INFO  Server Started 
06:53:57.198 INFO  Server Started 
08:18:29.886 INFO  Server Started 
08:48:15.129 INFO  Server Started 
08:59:37.452 INFO  Server Started 
08:59:57.719 INFO  Server Started 
08:59:59.553 INFO  Server Started 
09:01:23.198 INFO  Server Started 
09:01:25.021 INFO  Server Started 
09:01:26.670 INFO  Server Started 
09:10:31.851 INFO  Server Started 
09:11:44.641 INFO  Server Started 
09:11:57.107 INFO  Server Started 
09:13:52.072 INFO  Server Started 
09:19:44.398 INFO  Server Started 
09:22:09.247 INFO  Server Started 
09:24:07.992 INFO  Server Started 
09:24:54.848 INFO  Server Started 
09:25:18.649 INFO  Server Started 
09:25:32.328 INFO  Server Started 
09:26:15.385 INFO  Server Started 
09:27:15.417 INFO  Server Started 
09:28:02.369 INFO  Server Started 
09:29:05.183 INFO  Server Started 
09:29:42.749 INFO  Server Started 
09:30:29.287 INFO  Server Started 
09:31:39.374 INFO  Server Started 
09:31:41.354 INFO  Server Started 
09:31:56.367 INFO  Server Started 
09:31:58.469 INFO  Server Started 
09:33:13.780 INFO  Server Started 
09:33:36.524 INFO  Server Started 
09:33:43.401 INFO  Server Started 
09:34:25.984 INFO  Server Started 
09:43:02.028 INFO  Server Started 
09:43:04.775 INFO  Server Started 
09:43:47.256 INFO  Server Started 
09:44:34.270 INFO  Server Started 
09:46:31.014 INFO  Server Started 
09:46:37.485 INFO  Server Started 
09:52:47.991 INFO  Server Started 
09:53:24.620 INFO  Server Started 
09:54:29.143 INFO  Server Started 
11:19:48.506 INFO  Server Started 
12:11:56.072 INFO  Server Started 
12:13:47.109 INFO  Server Started 
01:25:51.234 INFO  Server Started 
01:30:49.699 INFO  Server Started 
01:38:21.235 INFO  Server Started 
02:07:47.490 INFO  Server Started 
02:08:06.174 INFO  Server Started 
02:10:00.469 INFO  Server Started 
02:58:55.509 INFO  Server Started 
02:59:33.565 INFO  Server Started 
03:00:02.987 INFO  Server Started 
03:00:21.899 INFO  Server Started 
03:01:27.750 INFO  Server Started 
04:06:02.722 INFO  Server Started 
04:13:44.508 INFO  Server Started 
04:45:36.785 INFO  Server Started 
04:45:48.440 INFO  Server Started 
04:47:35.583 INFO  Server Started 
05:00:04.250 INFO  Server Started 
06:13:01.723 INFO  Server Started 
06:13:09.140 INFO  Server Started 
06:13:11.853 INFO  Server Started 
06:14:27.069 INFO  Server Started 
06:15:02.669 INFO  Server Started 
06:17:08.279 INFO  Server Started 
06:17:10.407 INFO  Server Started 
06:17:52.499 INFO  Server Started 
06:17:56.030 INFO  Server Started 
06:21:24.238 INFO  Server Started 
06:21:32.598 INFO  Server Started 
06:21:52.986 INFO  Server Started 
06:22:16.712 INFO  Server Started 
06:22:28.685 INFO  Server Started 
06:22:32.647 INFO  Server Started 
06:23:45.970 INFO  Server Started 
06:24:38.563 INFO  Server Started 
06:24:47.738 INFO  Server Started 
06:24:54.615 INFO  Server Started 
06:24:56.740 INFO  Server Started 
06:30:37.107 INFO  Server Started 
08:36:15.338 INFO  Server Started 
08:36:56.568 INFO  Server Started 
08:36:59.826 INFO  Server Started 
08:37:04.695 INFO  Server Started 
08:37:08.491 INFO  Server Started 
09:14:25.731 INFO  Server Started 
09:15:19.614 INFO  Server Started 
09:15:23.045 INFO  Server Started 
09:23:02.744 INFO  Server Started 
09:27:36.421 INFO  Server Started 
09:30:55.677 INFO  Server Started 
09:31:11.240 INFO  Server Started 
09:31:26.202 INFO  Server Started 
09:31:53.179 INFO  Server Started 
09:32:04.691 INFO  Server Started 
09:38:13.206 INFO  Server Started 
09:38:45.227 INFO  Server Started 
09:39:32.015 INFO  Server Started 
09:39:42.115 INFO  Server Started 
09:39:48.731 INFO  Server Started 
09:39:54.888 INFO  Server Started 
09:40:02.436 INFO  Server Started 
09:40:15.415 INFO  Server Started 
09:40:24.836 INFO  Server Started 
09:40:48.344 INFO  Server Started 
09:41:16.143 INFO  Server Started 
09:41:45.488 INFO  Server Started 
09:42:16.232 INFO  Server Started 
09:42:23.558 INFO  Server Started 
09:42:26.019 INFO  Server Started 
09:42:58.625 INFO  Server Started 
09:43:00.870 INFO  Server Started 
09:43:04.187 INFO  Server Started 
09:45:19.961 INFO  Server Started 
09:45:26.123 INFO  Server Started 
09:45:33.581 INFO  Server Started 
09:45:36.512 INFO  Server Started 
09:45:39.843 INFO  Server Started 
09:50:11.168 INFO  Server Started 
09:50:42.736 INFO  Server Started 
09:50:51.156 INFO  Server Started 
09:50:59.038 INFO  Server Started 
10:12:42.922 INFO  Server Started 
15:11:35.449 INFO  Server Started 
15:13:32.240 INFO  Server Started 
15:16:11.920 INFO  Server Started 
15:19:40.598 INFO  Server Started 
16:43:28.835 INFO  Server Started 
01:43:56.853 INFO  Server Started 
02:07:43.883 INFO  Server Started 
02:23:00.898 INFO  Server Started 
03:08:33.715 INFO  Server Started 
03:09:25.542 INFO  Server Started 
03:53:01.870 INFO  Server Started 
03:53:04.925 INFO  Server Started 
04:19:54.872 INFO  Server Started 
04:21:51.182 INFO  Server Started 
04:35:43.401 INFO  Server Started 
04:51:01.150 INFO  Server Started 
04:51:06.801 INFO  Server Started 
04:55:08.512 INFO  Server Started 
04:55:11.294 INFO  Server Started 
04:55:51.138 INFO  Server Started 
04:56:12.638 INFO  Server Started 
04:56:19.749 INFO  Server Started 
04:56:25.072 INFO  Server Started 
04:57:07.182 INFO  Server Started 
05:08:27.416 INFO  Server Started 
06:05:44.423 INFO  Server Started 
06:05:47.382 INFO  Server Started 
06:05:49.916 INFO  Server Started 
06:05:52.731 INFO  Server Started 
06:06:39.938 INFO  Server Started 
06:06:43.212 INFO  Server Started 
06:08:08.709 INFO  Server Started 
06:08:17.013 INFO  Server Started 
06:09:21.421 INFO  Server Started 
06:09:30.823 INFO  Server Started 
06:56:42.742 INFO  Server Started 
06:56:49.869 INFO  Server Started 
06:56:54.357 INFO  Server Started 
06:58:21.270 INFO  Server Started 
06:59:49.310 INFO  Server Started 
07:01:40.433 INFO  Server Started 
07:01:48.834 INFO  Server Started 
07:03:19.682 INFO  Server Started 
07:07:03.835 INFO  Server Started 
07:07:10.797 INFO  Server Started 
07:07:21.829 INFO  Server Started 
07:07:24.152 INFO  Server Started 
07:07:31.026 INFO  Server Started 
07:07:43.667 INFO  Server Started 
07:07:45.497 INFO  Server Started 
07:08:36.933 INFO  Server Started 
07:13:07.410 INFO  Server Started 
07:15:58.108 INFO  Server Started 
07:24:01.419 INFO  Server Started 
07:29:36.537 INFO  Server Started 
07:40:31.341 INFO  Server Started 
07:46:31.644 INFO  Server Started 
07:58:06.849 INFO  Server Started 
07:58:10.223 INFO  Server Started 
08:01:47.172 INFO  Server Started 
08:43:43.503 INFO  Server Started 
08:44:44.698 INFO  Server Started 
08:47:02.636 INFO  Server Started 
08:49:18.727 INFO  Server Started 
08:49:43.636 INFO  Server Started 
08:49:55.639 INFO  Server Started 
08:50:11.859 INFO  Server Started 
08:50:49.952 INFO  Server Started 
08:51:08.233 INFO  Server Started 
08:51:19.660 INFO  Server Started 
08:51:26.987 INFO  Server Started 
08:51:32.335 INFO  Server Started 
08:51:50.782 INFO  Server Started 
09:01:14.857 INFO  Server Started 
09:01:35.195 INFO  Server Started 
09:21:51.063 INFO  Server Started 
09:29:37.136 INFO  Server Started 
09:29:39.236 INFO  Server Started 
09:30:18.824 INFO  Server Started 
09:30:30.420 INFO  Server Started 
09:30:32.859 INFO  Server Started 
09:30:55.986 INFO  Server Started 
09:31:06.636 INFO  Server Started 
09:31:40.250 INFO  Server Started 
09:32:03.268 INFO  Server Started 
09:32:15.685 INFO  Server Started 
09:32:41.980 INFO  Server Started 
09:33:11.078 INFO  Server Started 
09:37:19.795 INFO  Server Started 
09:38:15.732 INFO  Server Started 
09:42:42.768 INFO  Server Started 
09:43:20.131 INFO  Server Started 
09:58:22.311 INFO  Server Started 
10:18:41.475 INFO  Server Started 
10:22:30.788 INFO  Server Started 
10:25:56.273 INFO  Server Started 
10:26:39.959 INFO  Server Started 
10:38:42.581 INFO  Server Started 
10:53:26.150 INFO  Server Started 
10:56:12.962 INFO  Server Started 
12:10:38.244 INFO  Server Started 
13:04:44.709 INFO  Server Started 
13:05:11.582 INFO  Server Started 
13:11:29.806 INFO  Server Started 
13:38:06.940 INFO  Server Started 
13:56:50.127 INFO  Server Started 
14:03:34.884 INFO  Server Started 
14:21:42.128 INFO  Server Started 
14:22:58.563 INFO  Server Started 
01:04:15.797 INFO  Server Started 
03:37:10.790 INFO  Server Started 
04:29:56.247 INFO  Server Started 
04:34:14.641 INFO  Server Started 
04:34:55.011 INFO  Server Started 
04:35:17.998 INFO  Server Started 
04:35:47.830 INFO  Server Started 
04:36:05.048 INFO  Server Started 
04:37:20.045 INFO  Server Started 
04:38:43.162 INFO  Server Started 
04:41:24.031 INFO  Server Started 
04:45:10.230 INFO  Server Started 
04:45:23.250 INFO  Server Started 
04:47:05.071 INFO  Server Started 
04:48:33.062 INFO  Server Started 
04:48:46.712 INFO  Server Started 
04:59:45.899 INFO  Server Started 
04:59:49.454 INFO  Server Started 
05:00:14.760 INFO  Server Started 
06:30:27.243 INFO  Server Started 
07:46:11.595 INFO  Server Started 
07:47:03.121 INFO  Server Started 
07:47:33.498 INFO  Server Started 
07:49:48.680 INFO  Server Started 
07:49:59.845 INFO  Server Started 
07:57:25.574 INFO  Server Started 
07:58:01.236 INFO  Server Started 
08:29:35.485 INFO  Server Started 
08:29:38.645 INFO  Server Started 
08:29:41.504 INFO  Server Started 
08:30:06.466 INFO  Server Started 
09:02:43.937 INFO  Server Started 
09:02:49.150 INFO  Server Started 
09:04:04.450 INFO  Server Started 
09:04:29.674 INFO  Server Started 
09:04:54.177 INFO  Server Started 
09:05:45.564 INFO  Server Started 
09:05:56.591 INFO  Server Started 
09:06:04.474 INFO  Server Started 
09:06:18.965 INFO  Server Started 
09:06:25.947 INFO  Server Started 
09:06:29.895 INFO  Server Started 
09:06:51.297 INFO  Server Started 
09:06:56.207 INFO  Server Started 
09:06:58.757 INFO  Server Started 
09:07:04.022 INFO  Server Started 
09:09:25.441 INFO  Server Started 
09:09:32.307 INFO  Server Started 
09:09:35.520 INFO  Server Started 
09:09:54.357 INFO  Server Started 
09:10:10.899 INFO  Server Started 
09:10:27.267 INFO  Server Started 
09:12:22.994 INFO  Server Started 
09:12:33.461 INFO  Server Started 
09:12:52.081 INFO  Server Started 
09:13:03.345 INFO  Server Started 
09:13:19.032 INFO  Server Started 
09:13:26.898 INFO  Server Started 
09:14:11.348 INFO  Server Started 
09:14:13.556 INFO  Server Started 
09:15:16.024 INFO  Server Started 
09:15:57.145 INFO  Server Started 
09:17:00.897 INFO  Server Started 
09:17:12.671 INFO  Server Started 
09:17:16.848 INFO  Server Started 
09:17:18.813 INFO  Server Started 
09:17:23.749 INFO  Server Started 
09:18:18.145 INFO  Server Started 
09:25:23.021 INFO  Server Started 
09:25:43.347 INFO  Server Started 
09:26:05.065 INFO  Server Started 
09:26:25.240 INFO  Server Started 
09:26:31.325 INFO  Server Started 
09:26:44.448 INFO  Server Started 
09:28:00.236 INFO  Server Started 
09:28:21.188 INFO  Server Started 
09:28:57.572 INFO  Server Started 
09:29:10.899 INFO  Server Started 
09:48:35.388 INFO  Server Started 
09:48:42.818 INFO  Server Started 
09:48:55.299 INFO  Server Started 
09:49:28.620 INFO  Server Started 
09:50:27.411 INFO  Server Started 
09:50:52.979 INFO  Server Started 
09:51:19.154 INFO  Server Started 
09:51:22.320 INFO  Server Started 
09:52:03.930 INFO  Server Started 
09:52:11.559 INFO  Server Started 
09:53:06.542 INFO  Server Started 
09:53:10.386 INFO  Server Started 
09:53:12.723 INFO  Server Started 
09:54:03.451 INFO  Server Started 
09:54:12.660 INFO  Server Started 
09:55:31.375 INFO  Server Started 
09:58:01.414 INFO  Server Started 
01:18:13.218 INFO  Server Started 
01:18:15.149 INFO  Server Started 
01:18:18.086 INFO  Server Started 
03:39:00.568 INFO  Server Started 
03:39:47.186 INFO  Server Started 
16:29:56.851 INFO  Server Started 
16:30:16.285 INFO  Server Started 
01:08:29.467 INFO  Server Started 
03:08:14.144 INFO  Server Started 
03:08:25.641 INFO  Server Started 
05:00:10.309 INFO  Server Started 
05:14:22.458 INFO  Server Started 
05:14:51.122 INFO  Server Started 
05:14:59.738 INFO  Server Started 
05:15:11.782 INFO  Server Started 
05:15:14.675 INFO  Server Started 
05:15:33.184 INFO  Server Started 
05:40:48.936 INFO  Server Started 
05:41:00.634 INFO  Server Started 
05:41:43.843 INFO  Server Started 
05:41:54.571 INFO  Server Started 
06:57:23.901 INFO  Server Started 
10:01:24.429 INFO  Server Started 
09:35:37.476 INFO  Server Started 
10:05:54.540 INFO  Server Started 
10:05:57.757 INFO  Server Started 
10:06:00.334 INFO  Server Started 
10:06:10.649 INFO  Server Started 
10:06:14.421 INFO  Server Started 
10:06:42.627 INFO  Server Started 
10:06:44.505 INFO  Server Started 
10:06:53.405 INFO  Server Started 
10:06:55.437 INFO  Server Started 
10:07:01.798 INFO  Server Started 
10:07:08.048 INFO  Server Started 
10:07:19.198 INFO  Server Started 
10:07:28.202 INFO  Server Started 
10:07:51.144 INFO  Server Started 
10:07:59.070 INFO  Server Started 
10:08:24.866 INFO  Server Started 
10:17:23.023 INFO  Server Started 
10:17:51.023 INFO  Server Started 
10:23:29.615 INFO  Server Started 
14:04:23.769 INFO  Server Started 
14:04:29.304 INFO  Server Started 
14:07:08.068 INFO  Server Started 
14:08:43.929 INFO  Server Started 
14:15:17.504 INFO  Server Started 
14:18:42.867 INFO  Server Started 
14:20:45.031 INFO  Server Started 
14:21:49.592 INFO  Server Started 
14:31:21.270 INFO  Server Started 
14:49:34.163 INFO  Server Started 
15:07:56.508 INFO  Server Started 
01:43:19.716 INFO  Server Started 
01:43:30.556 INFO  Server Started 
01:43:37.825 INFO  Server Started 
01:44:49.215 INFO  Server Started 
01:45:46.044 INFO  Server Started 
02:07:32.647 INFO  Server Started 
02:07:35.925 INFO  Server Started 
02:14:05.072 INFO  Server Started 
02:14:18.786 INFO  Server Started 
02:15:03.157 INFO  Server Started 
02:15:29.158 INFO  Server Started 
02:22:52.396 INFO  Server Started 
02:23:14.594 INFO  Server Started 
02:23:24.841 INFO  Server Started 
02:23:36.078 INFO  Server Started 
02:23:38.535 INFO  Server Started 
02:25:08.513 INFO  Server Started 
02:25:22.100 INFO  Server Started 
02:25:29.907 INFO  Server Started 
02:25:39.685 INFO  Server Started 
02:26:03.499 INFO  Server Started 
02:42:40.528 INFO  Server Started 
02:42:48.063 INFO  Server Started 
02:42:50.823 INFO  Server Started 
02:42:59.162 INFO  Server Started 
02:43:02.952 INFO  Server Started 
02:43:08.021 INFO  Server Started 
02:44:14.041 INFO  Server Started 
02:44:35.390 INFO  Server Started 
02:45:29.449 INFO  Server Started 
02:45:38.464 INFO  Server Started 
02:46:04.126 INFO  Server Started 
02:47:45.755 INFO  Server Started 
02:47:47.742 INFO  Server Started 
02:48:00.726 INFO  Server Started 
02:48:02.686 INFO  Server Started 
02:48:10.668 INFO  Server Started 
02:48:16.153 INFO  Server Started 
02:48:19.482 INFO  Server Started 
02:48:27.425 INFO  Server Started 
02:48:35.358 INFO  Server Started 
02:49:02.590 INFO  Server Started 
02:49:09.863 INFO  Server Started 
02:49:11.536 INFO  Server Started 
02:49:28.536 INFO  Server Started 
02:49:37.134 INFO  Server Started 
02:49:38.976 INFO  Server Started 
02:49:45.704 INFO  Server Started 
02:49:48.836 INFO  Server Started 
02:52:44.626 INFO  Server Started 
02:53:07.939 INFO  Server Started 
02:53:29.576 INFO  Server Started 
02:55:40.670 INFO  Server Started 
02:55:42.316 INFO  Server Started 
02:55:53.629 INFO  Server Started 
02:55:55.361 INFO  Server Started 
02:56:12.345 INFO  Server Started 
02:56:19.743 INFO  Server Started 
02:56:21.948 INFO  Server Started 
02:56:32.975 INFO  Server Started 
02:57:02.747 INFO  Server Started 
02:57:48.780 INFO  Server Started 
02:57:58.195 INFO  Server Started 
02:58:04.328 INFO  Server Started 
02:58:10.613 INFO  Server Started 
02:59:38.313 INFO  Server Started 
03:01:49.677 INFO  Server Started 
03:01:51.647 INFO  Server Started 
03:02:00.442 INFO  Server Started 
03:03:16.121 INFO  Server Started 
03:03:26.921 INFO  Server Started 
03:03:28.732 INFO  Server Started 
03:03:32.894 INFO  Server Started 
03:03:35.573 INFO  Server Started 
03:03:48.493 INFO  Server Started 
03:03:59.566 INFO  Server Started 
03:04:16.569 INFO  Server Started 
03:04:45.103 INFO  Server Started 
03:05:41.123 INFO  Server Started 
03:07:40.967 INFO  Server Started 
04:02:37.439 INFO  Server Started 
04:36:56.934 INFO  Server Started 
04:38:58.431 INFO  Server Started 
04:41:23.974 INFO  Server Started 
04:43:25.398 INFO  Server Started 
04:43:33.806 INFO  Server Started 
04:44:03.171 INFO  Server Started 
04:53:49.116 INFO  Server Started 
07:13:12.931 INFO  Server Started 
07:13:14.934 INFO  Server Started 
07:15:29.983 INFO  Server Started 
08:08:04.164 INFO  Server Started 
08:08:09.292 INFO  Server Started 
08:08:57.510 INFO  Server Started 
08:09:11.301 INFO  Server Started 
08:09:17.524 INFO  Server Started 
08:09:40.918 INFO  Server Started 
08:10:08.265 INFO  Server Started 
08:36:11.336 INFO  Server Started 
08:36:17.427 INFO  Server Started 
14:15:18.526 INFO  Server Started 
15:23:08.755 INFO  Server Started 
17:14:14.671 INFO  Server Started 
17:19:34.795 INFO  Server Started 
19:14:03.132 INFO  Server Started 
10:05:02.244 INFO  Server Started 
03:04:07.753 INFO  Server Started 
16:16:56.038 INFO  Server Started 
16:20:50.219 INFO  Server Started 
16:21:14.375 INFO  Server Started 
06:09:16.593 INFO  Server Started 
06:40:20.973 INFO  Server Started 
06:40:25.873 INFO  Server Started 
06:40:32.803 INFO  Server Started 
06:40:36.087 INFO  Server Started 
07:08:31.770 INFO  Server Started 
07:08:34.003 INFO  Server Started 
07:08:47.131 INFO  Server Started 
07:08:51.373 INFO  Server Started 
07:08:55.696 INFO  Server Started 
07:09:04.516 INFO  Server Started 
07:09:15.825 INFO  Server Started 
07:11:35.228 INFO  Server Started 
07:15:49.403 INFO  Server Started 
07:16:14.825 INFO  Server Started 
07:16:23.196 INFO  Server Started 
07:16:27.274 INFO  Server Started 
07:16:32.354 INFO  Server Started 
07:17:18.717 INFO  Server Started 
07:17:29.913 INFO  Server Started 
07:19:08.007 INFO  Server Started 
09:00:03.820 INFO  Server Started 
09:00:09.238 INFO  Server Started 
09:05:22.737 INFO  Server Started 
09:06:11.496 INFO  Server Started 
09:06:38.466 INFO  Server Started 
09:25:38.843 INFO  Server Started 
09:26:31.406 INFO  Server Started 
09:55:43.961 INFO  Server Started 
09:56:30.556 INFO  Server Started 
11:31:21.925 INFO  Server Started 
11:37:34.882 INFO  Server Started 
11:56:53.489 INFO  Server Started 
11:57:48.205 INFO  Server Started 
12:06:06.968 INFO  Server Started 
12:28:00.993 INFO  Server Started 
12:35:57.370 INFO  Server Started 
12:42:49.336 INFO  Server Started 
13:18:39.091 INFO  Server Started 
13:54:50.431 INFO  Server Started 
14:06:41.674 INFO  Server Started 
14:27:22.019 INFO  Server Started 
14:29:02.959 INFO  Server Started 
14:46:47.631 INFO  Server Started 
14:53:05.802 INFO  Server Started 
15:29:54.056 INFO  Server Started 
16:20:19.803 INFO  Server Started 
03:39:31.807 INFO  Server Started 
03:42:19.393 INFO  Server Started 
03:42:22.786 INFO  Server Started 
03:43:09.674 INFO  Server Started 
03:43:13.283 INFO  Server Started 
03:44:01.447 INFO  Server Started 
03:44:10.820 INFO  Server Started 
03:44:22.445 INFO  Server Started 
03:44:25.114 INFO  Server Started 
04:14:32.340 INFO  Server Started 
04:14:56.206 INFO  Server Started 
04:14:59.520 INFO  Server Started 
04:15:19.511 INFO  Server Started 
04:15:24.857 INFO  Server Started 
04:15:33.309 INFO  Server Started 
04:15:44.685 INFO  Server Started 
04:24:11.124 INFO  Server Started 
04:24:15.037 INFO  Server Started 
04:24:17.455 INFO  Server Started 
04:33:28.455 INFO  Server Started 
04:33:33.818 INFO  Server Started 
04:33:47.198 INFO  Server Started 
04:39:47.940 INFO  Server Started 
04:40:35.949 INFO  Server Started 
04:46:30.324 INFO  Server Started 
04:53:49.443 INFO  Server Started 
04:54:01.235 INFO  Server Started 
04:54:05.764 INFO  Server Started 
05:01:36.794 INFO  Server Started 
05:01:46.157 INFO  Server Started 
05:08:55.644 INFO  Server Started 
05:55:48.241 INFO  Server Started 
05:56:34.658 INFO  Server Started 
06:10:07.901 INFO  Server Started 
06:10:58.114 INFO  Server Started 
06:39:17.463 INFO  Server Started 
06:41:15.400 INFO  Server Started 
06:41:17.956 INFO  Server Started 
06:41:33.512 INFO  Server Started 
06:41:58.099 INFO  Server Started 
06:44:06.057 INFO  Server Started 
06:44:46.727 INFO  Server Started 
06:46:10.083 INFO  Server Started 
06:59:15.007 INFO  Server Started 
06:59:17.916 INFO  Server Started 
06:59:22.722 INFO  Server Started 
06:59:28.274 INFO  Server Started 
06:59:35.003 INFO  Server Started 
06:59:38.025 INFO  Server Started 
07:00:02.729 INFO  Server Started 
07:00:23.213 INFO  Server Started 
07:00:25.253 INFO  Server Started 
07:00:27.659 INFO  Server Started 
07:00:30.072 INFO  Server Started 
07:00:34.512 INFO  Server Started 
07:00:40.248 INFO  Server Started 
07:00:49.889 INFO  Server Started 
07:01:05.074 INFO  Server Started 
07:01:55.930 INFO  Server Started 
07:01:58.307 INFO  Server Started 
07:02:00.580 INFO  Server Started 
07:02:03.035 INFO  Server Started 
07:02:07.410 INFO  Server Started 
07:02:12.021 INFO  Server Started 
07:02:19.830 INFO  Server Started 
07:03:01.299 INFO  Server Started 
07:03:54.815 INFO  Server Started 
07:03:56.563 INFO  Server Started 
07:03:58.715 INFO  Server Started 
07:04:02.352 INFO  Server Started 
07:04:06.063 INFO  Server Started 
07:04:12.115 INFO  Server Started 
07:04:20.196 INFO  Server Started 
07:04:35.068 INFO  Server Started 
07:05:04.834 INFO  Server Started 
07:06:02.813 INFO  Server Started 
07:07:07.700 INFO  Server Started 
07:07:30.644 INFO  Server Started 
07:07:54.945 INFO  Server Started 
07:09:18.417 INFO  Server Started 
07:09:20.100 INFO  Server Started 
07:09:22.275 INFO  Server Started 
07:09:24.516 INFO  Server Started 
07:09:27.323 INFO  Server Started 
07:09:32.155 INFO  Server Started 
07:09:43.893 INFO  Server Started 
07:09:58.579 INFO  Server Started 
07:10:28.589 INFO  Server Started 
07:11:25.155 INFO  Server Started 
07:12:27.317 INFO  Server Started 
07:13:29.379 INFO  Server Started 
07:14:33.975 INFO  Server Started 
07:15:36.842 INFO  Server Started 
07:16:41.276 INFO  Server Started 
07:17:44.784 INFO  Server Started 
07:18:49.316 INFO  Server Started 
07:19:51.817 INFO  Server Started 
07:20:55.360 INFO  Server Started 
07:21:19.604 INFO  Server Started 
07:35:35.869 INFO  Server Started 
07:38:58.518 INFO  Server Started 
07:40:08.696 INFO  Server Started 
07:40:11.249 INFO  Server Started 
07:40:20.062 INFO  Server Started 
07:40:24.263 INFO  Server Started 
07:40:27.294 INFO  Server Started 
07:41:04.713 INFO  Server Started 
07:41:35.219 INFO  Server Started 
07:42:05.840 INFO  Server Started 
07:42:13.991 INFO  Server Started 
07:42:43.991 INFO  Server Started 
07:43:04.412 INFO  Server Started 
07:43:08.755 INFO  Server Started 
07:43:11.966 INFO  Server Started 
07:43:30.257 INFO  Server Started 
07:43:44.344 INFO  Server Started 
07:45:07.363 INFO  Server Started 
07:46:19.179 INFO  Server Started 
07:48:56.325 INFO  Server Started 
07:48:59.008 INFO  Server Started 
14:14:04.832 INFO  Server Started 
15:24:19.308 INFO  Server Started 
04:58:11.333 INFO  Server Started 
06:02:34.805 INFO  Server Started 
06:17:39.382 INFO  Server Started 
06:23:25.265 INFO  Server Started 
06:06:18.334 INFO  Server Started 
